  TestCEGUIScreen.cpp
e:\template\my_last\nee\gc3\editor\testceguiscreen.h(4): fatal error C1083: Cannot open include file: 'IGameScreen.h': No such file or directory
  TemplateObject.cpp
e:\template\my_last\nee\gc3\editor\templateobject.h(2): fatal error C1083: Cannot open include file: 'SimpleDrawingObejct.h': No such file or directory
  SpriteSheet.cpp
e:\template\my_last\nee\gc3\editor\spritesheet.h(2): fatal error C1083: Cannot open include file: 'SimpleDrawingObejct.h': No such file or directory
  SpriteListHolder.cpp
e:\template\my_last\nee\gc3\editor\spritelistholder.h(2): fatal error C1083: Cannot open include file: 'F_Sprite.h': No such file or directory
  SpriteDisplayer.cpp
e:\template\my_last\nee\gc3\editor\spritedisplayer.h(3): fatal error C1083: Cannot open include file: 'F_Sprite.h': No such file or directory
  ScreenBuilder.cpp
  SceneManager.cpp
e:\template\my_last\nee\gc3\editor\scenemanager.h(2): fatal error C1083: Cannot open include file: 'Fg_scene.h': No such file or directory
  ObjectUVRect.cpp
e:\template\my_last\nee\gc3\editor\objectuvrect.h(3): fatal error C1083: Cannot open include file: 'DebugRender.h': No such file or directory
  ObjectSlot.cpp
e:\template\my_last\nee\gc3\editor\objectslot.h(2): fatal error C1083: Cannot open include file: 'DebugRender.h': No such file or directory
  ObjectListHolder.cpp
e:\template\my_last\nee\gc3\editor\objectlistholder.h(2): fatal error C1083: Cannot open include file: 'F_Sprite.h': No such file or directory
  ObjectDisplayer.cpp
e:\template\my_last\nee\gc3\editor\objectdisplayer.h(3): fatal error C1083: Cannot open include file: 'SpritePacket.h': No such file or directory
  NewRenderModel.cpp
e:\template\my_last\nee\gc3\editor\newrendermodel.h(4): fatal error C1083: Cannot open include file: 'IGameScreen.h': No such file or directory
  main.cpp
e:\template\my_last\nee\gc3\editor\main.cpp(1): fatal error C1083: Cannot open include file: 'IMainGame.h': No such file or directory
  LayerManager.cpp
  EventManager.cpp
  EditorScreen.cpp
e:\template\my_last\nee\gc3\editor\editorscreen.h(4): fatal error C1083: Cannot open include file: 'IGameScreen.h': No such file or directory
  EditorProperty.cpp
e:\template\my_last\nee\gc3\editor\editorproperty.h(2): fatal error C1083: Cannot open include file: 'glm/glm.hpp': No such file or directory
  EditorMain.cpp
e:\template\my_last\nee\gc3\editor\editormain.h(3): fatal error C1083: Cannot open include file: 'IMainGame.h': No such file or directory
  EditObject.cpp
e:\template\my_last\nee\gc3\editor\editobject.h(3): fatal error C1083: Cannot open include file: 'F_Object.h': No such file or directory
  EditLayer.cpp
e:\template\my_last\nee\gc3\editor\editlayer.h(2): fatal error C1083: Cannot open include file: 'Fg_layer.h': No such file or directory
  Generating Code...
  Compiling...
  DisplaySample.cpp
e:\template\my_last\nee\gc3\editor\displaysample.h(2): fatal error C1083: Cannot open include file: 'SimpleDrawingObejct.h': No such file or directory
  BuildObjectTool.cpp
e:\template\my_last\nee\gc3\editor\editobject.h(3): fatal error C1083: Cannot open include file: 'F_Object.h': No such file or directory
  Generating Code...
